  input.cpp
  judgement.cpp
  main.cpp
c:\users\alfam\documents\制作作品アーカイブ\dx2dトリクロ\サバイバー(プロジェクトver2.0)\survivor\main.cpp(79): warning C4305: '初期化中': 'double' から 'float' へ切り詰めます。
c:\users\alfam\documents\制作作品アーカイブ\dx2dトリクロ\サバイバー(プロジェクトver2.0)\survivor\main.cpp(818): warning C4244: '引数': 'float' から 'int' への変換です。データが失われる可能性があります。
c:\users\alfam\documents\制作作品アーカイブ\dx2dトリクロ\サバイバー(プロジェクトver2.0)\survivor\main.cpp(833): warning C4244: '引数': 'float' から 'int' への変換です。データが失われる可能性があります。
c:\users\alfam\documents\制作作品アーカイブ\dx2dトリクロ\サバイバー(プロジェクトver2.0)\survivor\main.cpp(832): warning C4244: '引数': 'float' から 'int' への変換です。データが失われる可能性があります。
c:\users\alfam\documents\制作作品アーカイブ\dx2dトリクロ\サバイバー(プロジェクトver2.0)\survivor\main.cpp(851): warning C4244: '引数': 'float' から 'int' への変換です。データが失われる可能性があります。
c:\users\alfam\documents\制作作品アーカイブ\dx2dトリクロ\サバイバー(プロジェクトver2.0)\survivor\main.cpp(850): warning C4244: '引数': 'float' から 'int' への変換です。データが失われる可能性があります。
c:\users\alfam\documents\制作作品アーカイブ\dx2dトリクロ\サバイバー(プロジェクトver2.0)\survivor\main.cpp(870): warning C4244: '引数': 'float' から 'int' への変換です。データが失われる可能性があります。
c:\users\alfam\documents\制作作品アーカイブ\dx2dトリクロ\サバイバー(プロジェクトver2.0)\survivor\main.cpp(869): warning C4244: '引数': 'float' から 'int' への変換です。データが失われる可能性があります。
c:\users\alfam\documents\制作作品アーカイブ\dx2dトリクロ\サバイバー(プロジェクトver2.0)\survivor\main.cpp(887): warning C4244: '引数': 'float' から 'int' への変換です。データが失われる可能性があります。
c:\users\alfam\documents\制作作品アーカイブ\dx2dトリクロ\サバイバー(プロジェクトver2.0)\survivor\main.cpp(886): warning C4244: '引数': 'float' から 'int' への変換です。データが失われる可能性があります。
c:\users\alfam\documents\制作作品アーカイブ\dx2dトリクロ\サバイバー(プロジェクトver2.0)\survivor\main.cpp(902): warning C4244: '引数': 'float' から 'int' への変換です。データが失われる可能性があります。
c:\users\alfam\documents\制作作品アーカイブ\dx2dトリクロ\サバイバー(プロジェクトver2.0)\survivor\main.cpp(901): warning C4244: '引数': 'float' から 'int' への変換です。データが失われる可能性があります。
  Polygon.cpp
c:\users\alfam\documents\制作作品アーカイブ\dx2dトリクロ\サバイバー(プロジェクトver2.0)\survivor\polygon.cpp(129): warning C4244: '初期化中': 'int' から 'float' への変換です。データが失われる可能性があります。
c:\users\alfam\documents\制作作品アーカイブ\dx2dトリクロ\サバイバー(プロジェクトver2.0)\survivor\polygon.cpp(130): warning C4244: '初期化中': 'int' から 'float' への変換です。データが失われる可能性があります。
  コードを生成中...
  Survivor.vcxproj -> C:\Users\alfam\Documents\制作作品アーカイブ\DX2Dトリクロ\サバイバー(プロジェクトver2.0)\Debug\Survivor.exe
